2023-04-18 16:41:35.787 IST [1504] LOG:  starting PostgreSQL 15.1, compiled by Visual C++ build 1914, 64-bit
2023-04-18 16:41:35.821 IST [1504] LOG:  listening on IPv6 address "::", port 3612
2023-04-18 16:41:35.821 IST [1504] LOG:  listening on IPv4 address "0.0.0.0", port 3612
2023-04-18 16:41:36.038 IST [17260] LOG:  database system was shut down at 2023-04-18 16:40:31 IST
2023-04-18 16:41:36.173 IST [1504] LOG:  database system is ready to accept connections
2023-04-18 16:46:35.959 IST [4632] LOG:  checkpoint starting: time
2023-04-18 16:46:36.195 IST [4632] LOG:  checkpoint complete: wrote 5 buffers (0.0%); 0 WAL file(s) added, 0 removed, 0 recycled; write=0.222 s, sync=0.004 s, total=0.237 s; sync files=3, longest=0.002 s, average=0.002 s; distance=0 kB, estimate=0 kB
2023-04-18 16:47:48.037 IST [3340] LOG:  could not receive data from client: An existing connection was forcibly closed by the remote host.
	
2023-04-18 16:50:45.480 IST [5816] LOG:  could not receive data from client: An existing connection was forcibly closed by the remote host.
	
2023-04-18 16:51:35.202 IST [4632] LOG:  checkpoint starting: time
2023-04-18 16:51:35.456 IST [4632] LOG:  checkpoint complete: wrote 3 buffers (0.0%); 0 WAL file(s) added, 0 removed, 0 recycled; write=0.234 s, sync=0.007 s, total=0.255 s; sync files=3, longest=0.005 s, average=0.003 s; distance=1 kB, estimate=1 kB
2023-04-18 17:46:35.557 IST [4632] LOG:  checkpoint starting: time
2023-04-18 17:46:36.038 IST [4632] LOG:  checkpoint complete: wrote 5 buffers (0.0%); 0 WAL file(s) added, 0 removed, 0 recycled; write=0.454 s, sync=0.007 s, total=0.487 s; sync files=5, longest=0.003 s, average=0.002 s; distance=19 kB, estimate=19 kB
2023-04-18 17:47:02.678 IST [5448] FATAL:  terminating connection due to administrator command
2023-04-18 18:50:39.412 IST [1504] LOG:  received fast shutdown request
2023-04-18 18:50:39.414 IST [1504] LOG:  aborting any active transactions
2023-04-18 18:50:39.416 IST [10340] FATAL:  terminating connection due to administrator command
2023-04-18 18:50:39.466 IST [1504] LOG:  background worker "logical replication launcher" (PID 7908) exited with exit code 1
2023-04-18 18:50:39.469 IST [4632] LOG:  shutting down
2023-04-18 18:50:39.470 IST [4632] LOG:  checkpoint starting: shutdown immediate
2023-04-18 18:50:39.483 IST [4632] LOG:  checkpoint complete: wrote 2 buffers (0.0%); 0 WAL file(s) added, 0 removed, 0 recycled; write=0.002 s, sync=0.002 s, total=0.014 s; sync files=2, longest=0.001 s, average=0.001 s; distance=0 kB, estimate=17 kB
2023-04-18 18:50:39.498 IST [1504] LOG:  database system is shut down
