2023-03-30 11:07:15.272 IST [10568] LOG:  starting PostgreSQL 15.1, compiled by Visual C++ build 1914, 64-bit
2023-03-30 11:07:15.273 IST [10568] LOG:  listening on IPv6 address "::", port 3612
2023-03-30 11:07:15.273 IST [10568] LOG:  listening on IPv4 address "0.0.0.0", port 3612
2023-03-30 11:07:15.331 IST [10168] LOG:  database system was shut down at 2023-03-30 11:04:51 IST
2023-03-30 11:07:15.370 IST [10568] LOG:  database system is ready to accept connections
2023-03-30 11:11:47.267 IST [1868] FATAL:  password authentication failed for user "postgres"
2023-03-30 11:11:47.267 IST [1868] DETAIL:  Connection matched pg_hba.conf line 89: "host    all             all             ::1/128                 scram-sha-256"
2023-03-30 11:12:15.331 IST [8112] LOG:  checkpoint starting: time
2023-03-30 11:12:15.353 IST [8112] LOG:  checkpoint complete: wrote 3 buffers (0.0%); 0 WAL file(s) added, 0 removed, 0 recycled; write=0.004 s, sync=0.005 s, total=0.023 s; sync files=2, longest=0.003 s, average=0.003 s; distance=0 kB, estimate=0 kB
2023-03-30 11:17:15.368 IST [8112] LOG:  checkpoint starting: time
2023-03-30 11:17:15.608 IST [8112] LOG:  checkpoint complete: wrote 3 buffers (0.0%); 0 WAL file(s) added, 0 removed, 0 recycled; write=0.218 s, sync=0.006 s, total=0.241 s; sync files=3, longest=0.003 s, average=0.002 s; distance=1 kB, estimate=1 kB
2023-03-30 12:33:03.556 IST [10568] LOG:  received fast shutdown request
2023-03-30 12:33:03.559 IST [10568] LOG:  aborting any active transactions
2023-03-30 12:33:03.559 IST [17532] FATAL:  terminating connection due to administrator command
2023-03-30 12:33:03.559 IST [1352] FATAL:  terminating connection due to administrator command
2023-03-30 12:33:03.560 IST [11408] FATAL:  terminating connection due to administrator command
2023-03-30 12:33:03.580 IST [10568] LOG:  background worker "logical replication launcher" (PID 9204) exited with exit code 1
2023-03-30 12:33:03.582 IST [8112] LOG:  shutting down
2023-03-30 12:33:03.585 IST [8112] LOG:  checkpoint starting: shutdown immediate
2023-03-30 12:33:03.597 IST [8112] LOG:  checkpoint complete: wrote 0 buffers (0.0%); 0 WAL file(s) added, 0 removed, 0 recycled; write=0.001 s, sync=0.001 s, total=0.016 s; sync files=0, longest=0.000 s, average=0.000 s; distance=0 kB, estimate=1 kB
2023-03-30 12:33:03.632 IST [10568] LOG:  database system is shut down
