2023-03-22 20:07:55.098 IST [1568] LOG:  starting PostgreSQL 15.1, compiled by Visual C++ build 1914, 64-bit
2023-03-22 20:07:55.099 IST [1568] LOG:  listening on IPv6 address "::", port 3612
2023-03-22 20:07:55.099 IST [1568] LOG:  listening on IPv4 address "0.0.0.0", port 3612
2023-03-22 20:07:55.164 IST [1172] LOG:  database system was shut down at 2023-03-22 00:14:29 IST
2023-03-22 20:07:55.220 IST [1568] LOG:  database system is ready to accept connections
2023-03-22 20:08:51.500 IST [6948] ERROR:  syntax error at or near "," at character 14
2023-03-22 20:08:51.500 IST [6948] STATEMENT:  SELECT `code`, `name` FROM party
2023-03-22 20:08:53.959 IST [6948] LOG:  could not receive data from client: An existing connection was forcibly closed by the remote host.
	
2023-03-22 20:12:55.144 IST [16832] LOG:  checkpoint starting: time
2023-03-22 20:12:55.307 IST [16832] LOG:  checkpoint complete: wrote 4 buffers (0.0%); 0 WAL file(s) added, 0 removed, 0 recycled; write=0.116 s, sync=0.008 s, total=0.164 s; sync files=3, longest=0.004 s, average=0.003 s; distance=0 kB, estimate=0 kB
2023-03-22 20:14:49.251 IST [18184] ERROR:  value "8439769434" is out of range for type integer at character 141
2023-03-22 20:14:49.251 IST [18184] STATEMENT:  Insert into party (CODE, NAME, ADDRESS, REMARK, MOBILE, DATE, EMAIL, CITY, STATE, IMAGE)  values ('P0000003', 'MOHIT', 'HOLI GATE', '
	
	', '8439769434', '2023-03-22 20:13:05', '', 'MTR', 'Uttar Pradesh', Null)
2023-03-22 20:14:59.969 IST [18184] ERROR:  invalid input syntax for type integer: "" at character 141
2023-03-22 20:14:59.969 IST [18184] STATEMENT:  Insert into party (CODE, NAME, ADDRESS, REMARK, MOBILE, DATE, EMAIL, CITY, STATE, IMAGE)  values ('P0000003', 'MOHIT', 'HOLI GATE', '
	
	', '', '2023-03-22 20:13:05', '', 'MTR', 'Uttar Pradesh', Null)
2023-03-22 20:22:30.893 IST [1568] LOG:  received fast shutdown request
2023-03-22 20:22:30.914 IST [1568] LOG:  aborting any active transactions
2023-03-22 20:22:30.915 IST [18184] FATAL:  terminating connection due to administrator command
2023-03-22 20:22:30.940 IST [1568] LOG:  background worker "logical replication launcher" (PID 10764) exited with exit code 1
2023-03-22 20:22:30.943 IST [16832] LOG:  shutting down
2023-03-22 20:22:30.946 IST [16832] LOG:  checkpoint starting: shutdown immediate
2023-03-22 20:22:30.962 IST [16832] LOG:  checkpoint complete: wrote 0 buffers (0.0%); 0 WAL file(s) added, 0 removed, 0 recycled; write=0.001 s, sync=0.001 s, total=0.019 s; sync files=0, longest=0.000 s, average=0.000 s; distance=0 kB, estimate=0 kB
2023-03-22 20:22:31.000 IST [1568] LOG:  database system is shut down
