2023-03-24 20:13:46.124 IST [8336] LOG:  starting PostgreSQL 15.1, compiled by Visual C++ build 1914, 64-bit
2023-03-24 20:13:46.125 IST [8336] LOG:  listening on IPv6 address "::", port 3612
2023-03-24 20:13:46.125 IST [8336] LOG:  listening on IPv4 address "0.0.0.0", port 3612
2023-03-24 20:13:46.191 IST [13472] LOG:  database system was shut down at 2023-03-24 10:12:16 IST
2023-03-24 20:13:46.254 IST [8336] LOG:  database system is ready to accept connections
2023-03-24 20:18:46.178 IST [16116] LOG:  checkpoint starting: time
2023-03-24 20:18:46.224 IST [16116] LOG:  checkpoint complete: wrote 3 buffers (0.0%); 0 WAL file(s) added, 0 removed, 0 recycled; write=0.007 s, sync=0.005 s, total=0.048 s; sync files=2, longest=0.003 s, average=0.003 s; distance=0 kB, estimate=0 kB
2023-03-24 22:08:49.953 IST [15144] ERROR:  relation "tbl_tunch" does not exist at character 25
2023-03-24 22:08:49.953 IST [15144] STATEMENT:  select count(code) from tbl_tunch
2023-03-24 22:22:26.824 IST [15144] ERROR:  value "8439769434" is out of range for type integer at character 159
2023-03-24 22:22:26.824 IST [15144] STATEMENT:  Insert into party (CODE, NAME, ADDRESS, REMARK, MOBILE, DATE, EMAIL, CITY, STATE, IMAGE)  values ('P0000003', 'mohit ', 'anta para patwa gali mathura', '
	', '8439769434', '2023-03-24 22:20:51', '', 'mathura', 'Uttar Pradesh', Null)
2023-03-24 22:22:36.321 IST [15144] ERROR:  value "8439769434" is out of range for type integer at character 159
2023-03-24 22:22:36.321 IST [15144] STATEMENT:  Insert into party (CODE, NAME, ADDRESS, REMARK, MOBILE, DATE, EMAIL, CITY, STATE, IMAGE)  values ('P0000003', 'mohit ', 'anta para patwa gali mathura', '
	', '8439769434', '2023-03-24 22:20:51', '', 'mathura', 'Uttar Pradesh', Null)
2023-03-24 22:22:45.949 IST [15144] ERROR:  value "8439769434" is out of range for type integer at character 159
2023-03-24 22:22:45.949 IST [15144] STATEMENT:  Insert into party (CODE, NAME, ADDRESS, REMARK, MOBILE, DATE, EMAIL, CITY, STATE, IMAGE)  values ('P0000003', 'mohit ', 'anta para patwa gali mathura', '
	', '8439769434', '2023-03-24 22:20:51', '', 'mathura', 'Uttar Pradesh', Null)
2023-03-24 22:23:02.937 IST [15144] ERROR:  value "8439769434" is out of range for type integer at character 159
2023-03-24 22:23:02.937 IST [15144] STATEMENT:  Insert into party (CODE, NAME, ADDRESS, REMARK, MOBILE, DATE, EMAIL, CITY, STATE, IMAGE)  values ('P0000003', 'mohit ', 'anta para patwa gali mathura', '
	', '8439769434', '2023-03-24 22:20:51', '', 'mathura', 'Uttar Pradesh', Null)
2023-03-24 22:23:08.223 IST [15144] ERROR:  invalid input syntax for type integer: "" at character 159
2023-03-24 22:23:08.223 IST [15144] STATEMENT:  Insert into party (CODE, NAME, ADDRESS, REMARK, MOBILE, DATE, EMAIL, CITY, STATE, IMAGE)  values ('P0000003', 'mohit ', 'anta para patwa gali mathura', '
	', '', '2023-03-24 22:20:51', '', 'mathura', 'Uttar Pradesh', Null)
2023-03-24 22:23:18.862 IST [8336] LOG:  received fast shutdown request
2023-03-24 22:23:18.866 IST [8336] LOG:  aborting any active transactions
2023-03-24 22:23:18.866 IST [13256] FATAL:  terminating connection due to administrator command
2023-03-24 22:23:18.866 IST [3744] FATAL:  terminating connection due to administrator command
2023-03-24 22:23:18.866 IST [15144] FATAL:  terminating connection due to administrator command
2023-03-24 22:23:18.882 IST [8336] LOG:  background worker "logical replication launcher" (PID 9376) exited with exit code 1
2023-03-24 22:23:18.899 IST [16116] LOG:  shutting down
2023-03-24 22:23:18.903 IST [16116] LOG:  checkpoint starting: shutdown immediate
2023-03-24 22:23:18.917 IST [16116] LOG:  checkpoint complete: wrote 0 buffers (0.0%); 0 WAL file(s) added, 0 removed, 0 recycled; write=0.001 s, sync=0.001 s, total=0.018 s; sync files=0, longest=0.000 s, average=0.000 s; distance=0 kB, estimate=0 kB
2023-03-24 22:23:18.950 IST [8336] LOG:  database system is shut down
